INFO:root:Processing images from ['reindex.py', 'static/user/uploads']
INFO:root:Moving all files from static/user/uploads to static/uploads/
INFO:root:Found 33 images
INFO:root:Processing 33 images
INFO:root:Writing 33 vectors to annoy index at cache/index.ann
INFO:root:Finished processing images
INFO:root:Processing images from ['reindex.py', 'static/user/uploads']
INFO:root:Moving all files from static/user/uploads to static/uploads/
INFO:root:Found 33 images
INFO:root:Processing 33 images
INFO:root:Writing 33 vectors to annoy index at cache/index.ann
INFO:root:Finished processing images
INFO:root:Processing images from ['reindex.py', 'static/user/uploads']
INFO:root:Moving all files from static/user/uploads to static/uploads/
INFO:root:Found 44474 images
INFO:root:Processing 44474 images
DEBUG:PIL.TiffImagePlugin:tag: Copyright (33432) - type: string (2) Tag Location: 22 - Data Location: 26 - value: <table: 55 bytes>
DEBUG:PIL.TiffImagePlugin:tag: Copyright (33432) - type: string (2) Tag Location: 22 - Data Location: 26 - value: <table: 55 bytes>
DEBUG:PIL.TiffImagePlugin:tag: Copyright (33432) - type: string (2) Tag Location: 22 - Data Location: 26 - value: <table: 55 bytes>
DEBUG:PIL.TiffImagePlugin:tag: Copyright (33432) - type: string (2) Tag Location: 22 - Data Location: 26 - value: <table: 55 bytes>
DEBUG:PIL.TiffImagePlugin:tag: Copyright (33432) - type: string (2) Tag Location: 22 - Data Location: 26 - value: <table: 55 bytes>
DEBUG:PIL.TiffImagePlugin:tag: Copyright (33432) - type: string (2) Tag Location: 22 - Data Location: 26 - value: <table: 55 bytes>
DEBUG:PIL.TiffImagePlugin:tag: Copyright (33432) - type: string (2) Tag Location: 22 - Data Location: 26 - value: <table: 55 bytes>
DEBUG:PIL.TiffImagePlugin:tag: Copyright (33432) - type: string (2) Tag Location: 22 - Data Location: 26 - value: <table: 55 bytes>
DEBUG:PIL.TiffImagePlugin:tag: Copyright (33432) - type: string (2) Tag Location: 22 - Data Location: 26 - value: <table: 55 bytes>
DEBUG:PIL.TiffImagePlugin:tag: ImageWidth (256) - type: short (3) - value: b'\xa2\x08'
DEBUG:PIL.TiffImagePlugin:tag: ImageLength (257) - type: short (3) - value: b'\x82\x0b'
DEBUG:PIL.TiffImagePlugin:tag: BitsPerSample (258) - type: short (3) Tag Location: 46 - Data Location: 182 - value: b'\x08\x00\x08\x00\x08\x00'
DEBUG:PIL.TiffImagePlugin:tag: PhotometricInterpretation (262) - type: short (3) - value: b'\x02\x00'
DEBUG:PIL.TiffImagePlugin:tag: Orientation (274) - type: short (3) - value: b'\x01\x00'
DEBUG:PIL.TiffImagePlugin:tag: SamplesPerPixel (277) - type: short (3) - value: b'\x03\x00'
DEBUG:PIL.TiffImagePlugin:tag: XResolution (282) - type: rational (5) Tag Location: 94 - Data Location: 188 - value: b'H\x00\x00\x00\x01\x00\x00\x00'
DEBUG:PIL.TiffImagePlugin:tag: YResolution (283) - type: rational (5) Tag Location: 106 - Data Location: 196 - value: b'H\x00\x00\x00\x01\x00\x00\x00'
DEBUG:PIL.TiffImagePlugin:tag: ResolutionUnit (296) - type: short (3) - value: b'\x03\x00'
DEBUG:PIL.TiffImagePlugin:tag: Software (305) - type: string (2) Tag Location: 130 - Data Location: 204 - value: b'Adobe Photoshop CS6 (Windows)\x00'
DEBUG:PIL.TiffImagePlugin:tag: DateTime (306) - type: string (2) Tag Location: 142 - Data Location: 234 - value: b'2018:10:04 10:14:35\x00'
DEBUG:PIL.TiffImagePlugin:tag: Artist (315) - type: string (2) Tag Location: 154 - Data Location: 254 - value: b'vinay parade\x00'
DEBUG:PIL.TiffImagePlugin:tag: Copyright (33432) - type: string (2) Tag Location: 166 - Data Location: 267 - value: b'vinay parade www.vinaay.in\x00'
DEBUG:PIL.TiffImagePlugin:tag: ExifIFD (34665) - type: long (4) - value: b'(\x01\x00\x00'
DEBUG:PIL.TiffImagePlugin:tag: Copyright (33432) - type: string (2) - value: b'\x00\x00'
DEBUG:PIL.TiffImagePlugin:tag: Copyright (33432) - type: string (2)
DEBUG:PIL.TiffImagePlugin:tag: ImageWidth (256) - type: short (3) - value: b'\x048'
DEBUG:PIL.TiffImagePlugin:tag: ImageLength (257) - type: short (3) - value: b'\x05\xa0'
DEBUG:PIL.TiffImagePlugin:tag: BitsPerSample (258) - type: short (3) Tag Location: 46 - Data Location: 158 - value: b'\x00\x08\x00\x08\x00\x08'
DEBUG:PIL.TiffImagePlugin:tag: PhotometricInterpretation (262) - type: short (3) - value: b'\x00\x02'
DEBUG:PIL.TiffImagePlugin:tag: Orientation (274) - type: short (3) - value: b'\x00\x01'
DEBUG:PIL.TiffImagePlugin:tag: SamplesPerPixel (277) - type: short (3) - value: b'\x00\x03'
DEBUG:PIL.TiffImagePlugin:tag: XResolution (282) - type: rational (5) Tag Location: 94 - Data Location: 164 - value: b'\x00\x00\x00\x1c\x00\x00\x00\x01'
DEBUG:PIL.TiffImagePlugin:tag: YResolution (283) - type: rational (5) Tag Location: 106 - Data Location: 172 - value: b'\x00\x00\x00\x1c\x00\x00\x00\x01'
DEBUG:PIL.TiffImagePlugin:tag: ResolutionUnit (296) - type: short (3) - value: b'\x00\x03'
DEBUG:PIL.TiffImagePlugin:tag: Software (305) - type: string (2) Tag Location: 130 - Data Location: 180 - value: <table: 34 bytes>
DEBUG:PIL.TiffImagePlugin:tag: DateTime (306) - type: string (2) Tag Location: 142 - Data Location: 214 - value: b'2018:11:16 15:09:06\x00'
DEBUG:PIL.TiffImagePlugin:tag: ExifIFD (34665) - type: long (4) - value: b'\x00\x00\x00\xec'
INFO:root:Writing 44474 vectors to annoy index at cache/index.ann
INFO:root:Finished processing images
