2023-08-18 11:59:38,242 [INFO] Starting data pipeline
2023-08-18 11:59:38,242 [INFO] Backing up database to backups/database/2023_08_18/59
2023-08-18 11:59:38,242 [INFO] Backup cache/database.db to backups/database/2023_08_18/59 successful
2023-08-18 11:59:38,242 [INFO] Backing up database to backups/database/2023_08_18/59
2023-08-18 11:59:38,242 [INFO] Backup cache/index.ann to backups/database/2023_08_18/59 successful
2023-08-18 11:59:38,242 [INFO] Creating database
2023-08-18 11:59:38,368 [INFO] Database created
2023-08-18 12:00:29,222 [INFO] Starting data pipeline
2023-08-18 12:00:29,238 [INFO] Backing up database to backups/database/2023_08_18/00
2023-08-18 12:00:29,238 [INFO] Backup cache/database.db to backups/database/2023_08_18/00 successful
2023-08-18 12:00:29,238 [INFO] cache/index.ann does not exist. Nothing to backup
2023-08-18 12:00:29,238 [INFO] Creating database
2023-08-18 12:00:29,707 [INFO] Database created
2023-08-18 12:13:57,463 [INFO] Starting data pipeline
2023-08-18 12:13:57,494 [INFO] Backing up database to backups/database/2023_08_18/13
2023-08-18 12:13:57,494 [INFO] Backup cache/database.db to backups/database/2023_08_18/13 successful
2023-08-18 12:13:57,494 [INFO] cache/index.ann does not exist. Nothing to backup
2023-08-18 12:13:57,510 [INFO] Creating database
2023-08-18 12:13:57,729 [INFO] Database created
2023-08-18 12:20:34,976 [INFO] Starting data pipeline
2023-08-18 12:20:35,023 [INFO] Backing up database to backups/database/2023_08_18/20
2023-08-18 12:20:35,023 [INFO] Backup cache/database.db to backups/database/2023_08_18/20 successful
2023-08-18 12:20:35,023 [INFO] cache/index.ann does not exist. Nothing to backup
2023-08-18 12:20:35,023 [INFO] Creating database
2023-08-18 12:20:35,226 [INFO] Database created
2023-08-18 16:21:24,640 [INFO] Starting data pipeline
2023-08-18 16:21:24,695 [INFO] Backing up database to backups/database/2023_08_18/21
2023-08-18 16:21:24,719 [INFO] Backup cache/database.db to backups/database/2023_08_18/21 successful
2023-08-18 16:21:24,719 [INFO] cache/index.ann does not exist. Nothing to backup
2023-08-18 16:21:24,720 [INFO] Creating database
2023-08-18 16:21:24,828 [INFO] Database created
2023-08-18 23:17:10,677 [INFO] Starting data pipeline
2023-08-18 23:17:10,725 [INFO] Backing up database to backups/database/2023_08_18/17
2023-08-18 23:17:10,725 [INFO] Backup cache/database.db to backups/database/2023_08_18/17 successful
2023-08-18 23:17:10,725 [INFO] cache/index.ann does not exist. Nothing to backup
2023-08-18 23:17:10,741 [INFO] Creating database
2023-08-18 23:17:10,909 [INFO] Database created
2023-08-19 00:08:36,921 [INFO] Starting data pipeline
2023-08-19 00:08:36,942 [INFO] Backing up database to backups/database/2023_08_19/08
2023-08-19 00:08:36,953 [INFO] Backup cache/database.db to backups/database/2023_08_19/08 successful
2023-08-19 00:08:36,955 [INFO] Backing up database to backups/database/2023_08_19/08
2023-08-19 00:08:36,959 [INFO] Backup cache/index.ann to backups/database/2023_08_19/08 successful
2023-08-19 00:08:36,979 [INFO] Creating database
2023-08-19 00:08:37,086 [INFO] Database created
2023-08-19 00:12:38,406 [INFO] Starting data pipeline
2023-08-19 00:12:38,419 [INFO] Backing up database to backups/database/2023_08_19/12
2023-08-19 00:12:38,474 [INFO] Backup cache/database.db to backups/database/2023_08_19/12 successful
2023-08-19 00:12:38,476 [INFO] Backing up database to backups/database/2023_08_19/12
2023-08-19 00:12:38,477 [INFO] Backup cache/index.ann to backups/database/2023_08_19/12 successful
2023-08-19 00:12:38,501 [INFO] Creating database
2023-08-19 00:12:38,592 [INFO] Database created
